\BOOKMARK [0][-]{chapter.1}{\376\377\000I\000n\000t\000r\000o\000d\000u\000c\000c\000i\000\363\000n}{}% 1
\BOOKMARK [0][-]{chapter.2}{\376\377\000T\000a\000b\000l\000a\000\040\000d\000e\000\040\000c\000o\000n\000t\000e\000n\000i\000d\000o\000s}{}% 2
\BOOKMARK [1][-]{section.2.1}{\376\377\000N\000a\000v\000e\000g\000a\000c\000i\000\363\000n}{chapter.2}% 3
\BOOKMARK [2][-]{subsection.2.1.1}{\376\377\000N\000a\000v\000e\000g\000a\000c\000i\000\363\000n\000\040\000d\000e\000\040\000l\000a\000\040\000i\000n\000t\000e\000r\000f\000a\000z}{section.2.1}% 4
\BOOKMARK [3][-]{subsubsection*.3}{\376\377\000C\000o\000n\000t\000r\000o\000l\000e\000s}{subsection.2.1.1}% 5
\BOOKMARK [3][-]{subsubsection*.4}{\376\377\000N\000a\000v\000e\000g\000a\000c\000i\000\363\000n\000\040\000p\000o\000r\000\040\000m\000o\000u\000s\000e}{subsection.2.1.1}% 6
\BOOKMARK [2][-]{subsection.2.1.2}{\376\377\000B\000a\000r\000r\000a\000\040\000l\000a\000t\000e\000r\000a\000l\000\040\000-\000\040\000S\000i\000d\000e\000b\000a\000r}{section.2.1}% 7
\BOOKMARK [2][-]{subsection.2.1.3}{\376\377\000T\000a\000r\000j\000e\000t\000a\000\040\000d\000e\000\040\000c\000a\000p\000a}{section.2.1}% 8
\BOOKMARK [3][-]{subsubsection*.5}{\376\377\000O\000p\000a\000c\000i\000d\000a\000d}{subsection.2.1.3}% 9
\BOOKMARK [3][-]{subsubsection*.6}{\376\377\000Z\000o\000o\000m\000\040\000a\000\040\000c\000a\000p\000a}{subsection.2.1.3}% 10
\BOOKMARK [3][-]{subsubsection*.7}{\376\377\000F\000i\000l\000t\000r\000o\000s}{subsection.2.1.3}% 11
\BOOKMARK [3][-]{subsubsection*.8}{\376\377\000M\000\341\000s\000\040\000o\000p\000e\000r\000a\000c\000i\000o\000n\000e\000s}{subsection.2.1.3}% 12
\BOOKMARK [3][-]{subsubsection*.9}{\376\377\000I\000c\000o\000n\000o\000\040\000B\000I\000M}{subsection.2.1.3}% 13
\BOOKMARK [3][-]{subsubsection*.10}{\376\377\000A\000d\000m\000i\000n\000i\000s\000t\000r\000a\000c\000i\000o\000n\000\040\000d\000e\000\040\000c\000a\000p\000a\000s}{subsection.2.1.3}% 14
\BOOKMARK [4][-]{paragraph*.11}{\376\377\000S\000u\000p\000e\000r\000p\000o\000s\000i\000c\000i\000\363\000n\000\040\000d\000e\000\040\000c\000a\000p\000a\000s}{subsubsection*.10}% 15
\BOOKMARK [4][-]{paragraph*.12}{\376\377\000D\000e\000s\000h\000a\000b\000i\000l\000i\000t\000a\000r\000\040\000c\000a\000p\000a\000s}{subsubsection*.10}% 16
\BOOKMARK [1][-]{section.2.2}{\376\377\000B\000\372\000s\000q\000u\000e\000d\000a}{chapter.2}% 17
\BOOKMARK [2][-]{subsection.2.2.1}{\376\377\000B\000u\000s\000c\000a\000d\000o\000r}{section.2.2}% 18
\BOOKMARK [2][-]{subsection.2.2.2}{\376\377\000A\000c\000c\000e\000s\000o\000\040\000d\000i\000r\000e\000c\000t\000o\000\040\000a\000\040\000G\000e\000o\000N\000o\000d\000e}{section.2.2}% 19
\BOOKMARK [1][-]{section.2.3}{\376\377\000H\000e\000r\000r\000a\000m\000i\000e\000n\000t\000a\000s\000\040\000d\000e\000\040\000n\000a\000v\000e\000g\000a\000c\000i\000\363\000n}{chapter.2}% 20
\BOOKMARK [2][-]{subsection.2.3.1}{\376\377\000U\000b\000i\000c\000a\000c\000i\000\363\000n}{section.2.3}% 21
\BOOKMARK [2][-]{subsection.2.3.2}{\376\377\000Z\000o\000o\000m}{section.2.3}% 22
\BOOKMARK [2][-]{subsection.2.3.3}{\376\377\000O\000r\000i\000e\000n\000t\000a\000c\000i\000\363\000n}{section.2.3}% 23
\BOOKMARK [2][-]{subsection.2.3.4}{\376\377\000V\000i\000s\000t\000a\000\040\0003\000D\000/\0002\000D}{section.2.3}% 24
\BOOKMARK [2][-]{subsection.2.3.5}{\376\377\000H\000e\000r\000r\000a\000m\000i\000e\000n\000t\000a\000s\000\040\000p\000a\000r\000a\000\040\000e\000l\000\040\000v\000i\000s\000o\000r}{section.2.3}% 25
\BOOKMARK [3][-]{subsubsection*.13}{\376\377\000M\000e\000d\000i\000c\000i\000\363\000n\000\040\000d\000e\000\040\000d\000i\000s\000t\000a\000n\000c\000i\000a\000s}{subsection.2.3.5}% 26
\BOOKMARK [3][-]{subsubsection*.14}{\376\377\000M\000e\000d\000i\000c\000i\000\363\000n\000\040\000d\000e\000\040\000a\000r\000e\000a\000s}{subsection.2.3.5}% 27
\BOOKMARK [3][-]{subsubsection*.15}{\376\377\000M\000o\000d\000o\000\040\000p\000r\000e\000s\000e\000n\000t\000a\000c\000i\000\363\000n}{subsection.2.3.5}% 28
\BOOKMARK [3][-]{subsubsection*.16}{\376\377\000I\000m\000p\000r\000e\000s\000i\000\363\000n}{subsection.2.3.5}% 29
\BOOKMARK [1][-]{section.2.4}{\376\377\000S\000e\000l\000e\000c\000t\000o\000r\000\040\000d\000e\000\040\000m\000a\000p\000a\000\040\000b\000a\000s\000e}{chapter.2}% 30
